<?xml version="1.0" encoding="UTF-8"?>
<!-- Generated by org.testng.reporters.JUnitReportReporter -->
<testsuite hostname="Techs-MacBook-Pro.local" failures="0" tests="1" name="testRunner.TestRunner" time="0.131" errors="1" timestamp="2021-01-14T20:18:15 IST" skipped="0">
  <testcase classname="testRunner.TestRunner" name="runScenario" time="0.131">
    <error message="TODO: implement me" type="io.cucumber.java.PendingException">
      <![CDATA[io.cucumber.java.PendingException: TODO: implement me
at testRunner.calc.open_safari(calc.java:9)
at âœ½.Open safari(classpath:testRunner/calc.feature:3)
]]>
    </error>
  </testcase> <!-- runScenario -->
  <system-out/>
</testsuite> <!-- testRunner.TestRunner -->
